<?xml version="1.0" encoding="UTF-8"?>
<testng-results ignored="0" total="1" passed="1" failed="0" skipped="0">
  <reporter-output>
  </reporter-output>
  <suite started-at="2024-12-03T22:31:53 IST" name="Default suite" finished-at="2024-12-03T22:32:12 IST" duration-ms="19088">
    <groups>
    </groups>
    <test started-at="2024-12-03T22:31:53 IST" name="Default test" finished-at="2024-12-03T22:32:12 IST" duration-ms="19088">
      <class name="FunctionalTesting.OpportunitiesDetails">
        <test-method is-config="true" signature="preCondition()[pri:0, instance:FunctionalTesting.OpportunitiesDetails@15043a2f]" started-at="2024-12-03T22:31:53 IST" name="preCondition" finished-at="2024-12-03T22:31:56 IST" duration-ms="3269" status="PASS">
          <reporter-output>
          </reporter-output>
        </test-method> <!-- preCondition -->
        <test-method is-config="true" signature="login()[pri:0, instance:FunctionalTesting.OpportunitiesDetails@15043a2f]" started-at="2024-12-03T22:31:56 IST" name="login" finished-at="2024-12-03T22:31:59 IST" duration-ms="2486" status="PASS">
          <reporter-output>
          </reporter-output>
        </test-method> <!-- login -->
        <test-method signature="org()[pri:0, instance:FunctionalTesting.OpportunitiesDetails@15043a2f]" started-at="2024-12-03T22:31:59 IST" name="org" finished-at="2024-12-03T22:32:08 IST" duration-ms="9490" status="PASS">
          <reporter-output>
          </reporter-output>
        </test-method> <!-- org -->
        <test-method is-config="true" signature="logout()[pri:0, instance:FunctionalTesting.OpportunitiesDetails@15043a2f]" started-at="2024-12-03T22:32:08 IST" name="logout" finished-at="2024-12-03T22:32:12 IST" duration-ms="3503" status="PASS">
          <reporter-output>
          </reporter-output>
        </test-method> <!-- logout -->
        <test-method is-config="true" signature="postcondition()[pri:0, instance:FunctionalTesting.OpportunitiesDetails@15043a2f]" started-at="2024-12-03T22:32:12 IST" name="postcondition" finished-at="2024-12-03T22:32:12 IST" duration-ms="264" status="PASS">
          <reporter-output>
          </reporter-output>
        </test-method> <!-- postcondition -->
      </class> <!-- FunctionalTesting.OpportunitiesDetails -->
    </test> <!-- Default test -->
  </suite> <!-- Default suite -->
</testng-results>
